<?xml version="1.0" encoding="UTF-8"?>
<!-- Generated by org.testng.reporters.JUnitReportReporter -->
<testsuite hostname="kindbring-lm" name="com.myproj.week19.TestFindDupUsingSet" tests="1" failures="0" timestamp="27 Sep 2016 17:35:37 GMT" time="0.016" errors="0">
  <testcase name="testFindDupUsingSet" time="0.016" classname="com.myproj.week19.TestFindDupUsingSet"/>
</testsuite> <!-- com.myproj.week19.TestFindDupUsingSet -->
